Unity Editor version:    2020.3.32f1 (12f8b0834f07)
Branch:                  2020.3/staging
Build type:              Release
Batch mode:              YES
macOS version:           Version 10.15.7 (Build 19H2)
Darwin version:          19.6.0
Architecture:            x86_64
Running under Rosetta:   NO
Available memory:        8192 MB
Using pre-set license
Pro License: NO

COMMAND LINE ARGUMENTS:
/Applications/Unity/Hub/Editor/2020.3.32f1/Unity.app/Contents/MacOS/Unity
-adb2
-batchMode
-noUpm
-name
AssetImportWorker0
-projectPath
/Users/jordi/Documents/UOC/TFG/TFG/Dolp Run
-logFile
Logs/AssetImportWorker0.log
-srvPort
60888
Successfully changed project path to: /Users/jordi/Documents/UOC/TFG/TFG/Dolp Run
/Users/jordi/Documents/UOC/TFG/TFG/Dolp Run
Using Asset Import Pipeline V2.
Refreshing native plugins compatible for Editor in 53.03 ms, found 3 plugins.
Preloading 0 native plugins for Editor in 0.00 ms.
Initialize engine version: 2020.3.32f1 (12f8b0834f07)
[Subsystems] Discovering subsystems at path /Applications/Unity/Hub/Editor/2020.3.32f1/Unity.app/Contents/Resources/UnitySubsystems
[Subsystems] Discovering subsystems at path /Users/jordi/Documents/UOC/TFG/TFG/Dolp Run/Assets
GfxDevice: creating device client; threaded=0
2022-11-17 18:58:12.056 Unity[20506:7693638] Color LCD preferred device: Intel(R) Iris(TM) Plus Graphics 655 (low power)
2022-11-17 18:58:12.056 Unity[20506:7693638] Metal devices available: 1
2022-11-17 18:58:12.056 Unity[20506:7693638] 0: Intel(R) Iris(TM) Plus Graphics 655 (low power)
2022-11-17 18:58:12.057 Unity[20506:7693638] Using device Intel(R) Iris(TM) Plus Graphics 655 (low power)
Initializing Metal device caps: Intel(R) Iris(TM) Plus Graphics 655
Initialize mono
Mono path[0] = '/Applications/Unity/Hub/Editor/2020.3.32f1/Unity.app/Contents/Managed'
Mono path[1] = '/Applications/Unity/Hub/Editor/2020.3.32f1/Unity.app/Contents/MonoBleedingEdge/lib/mono/unityjit'
Mono config path = '/Applications/Unity/Hub/Editor/2020.3.32f1/Unity.app/Contents/MonoBleedingEdge/etc'
Using monoOptions --debugger-agent=transport=dt_socket,embedding=1,server=y,suspend=n,address=127.0.0.1:56506
Begin MonoManager ReloadAssembly
Registering precompiled unity dll's ...
Register platform support module: /Applications/Unity/Hub/Editor/2020.3.32f1/PlaybackEngines/WebGLSupport/UnityEditor.WebGL.Extensions.dll
Register platform support module: /Applications/Unity/Hub/Editor/2020.3.32f1/Unity.app/Contents/PlaybackEngines/MacStandaloneSupport/UnityEditor.OSXStandalone.Extensions.dll
Registered in 0.003893 seconds.
Native extension for OSXStandalone target not found
Native extension for WebGL target not found
Refreshing native plugins compatible for Editor in 47.06 ms, found 3 plugins.
Preloading 0 native plugins for Editor in 0.00 ms.
Mono: successfully reloaded assembly
- Completed reload, in  0.763 seconds
Domain Reload Profiling:
	ReloadAssembly (764ms)
		BeginReloadAssembly (112ms)
			ExecutionOrderSort (0ms)
			DisableScriptedObjects (0ms)
			BackupInstance (0ms)
			ReleaseScriptingObjects (0ms)
			CreateAndSetChildDomain (1ms)
		EndReloadAssembly (563ms)
			LoadAssemblies (115ms)
			RebuildTransferFunctionScriptingTraits (0ms)
			SetupTypeCache (210ms)
			ReleaseScriptCaches (0ms)
			RebuildScriptCaches (43ms)
			SetupLoadedEditorAssemblies (211ms)
				LogAssemblyErrors (0ms)
				InitializePlatformSupportModulesInManaged (5ms)
				SetLoadedEditorAssemblies (0ms)
				RefreshPlugins (47ms)
				BeforeProcessingInitializeOnLoad (8ms)
				ProcessInitializeOnLoadAttributes (113ms)
				ProcessInitializeOnLoadMethodAttributes (36ms)
				AfterProcessingInitializeOnLoad (0ms)
				EditorAssembliesLoaded (0ms)
			ExecutionOrderSort2 (0ms)
			AwakeInstancesAfterBackupRestoration (0ms)
Platform modules already initialized, skipping
Registering precompiled user dll's ...
Registered in 0.005409 seconds.
Begin MonoManager ReloadAssembly
Native extension for OSXStandalone target not found
Native extension for WebGL target not found
Refreshing native plugins compatible for Editor in 47.68 ms, found 3 plugins.
Preloading 0 native plugins for Editor in 0.00 ms.
Mono: successfully reloaded assembly
- Completed reload, in  1.393 seconds
Domain Reload Profiling:
	ReloadAssembly (1395ms)
		BeginReloadAssembly (181ms)
			ExecutionOrderSort (0ms)
			DisableScriptedObjects (6ms)
			BackupInstance (0ms)
			ReleaseScriptingObjects (0ms)
			CreateAndSetChildDomain (38ms)
		EndReloadAssembly (1142ms)
			LoadAssemblies (118ms)
			RebuildTransferFunctionScriptingTraits (0ms)
			SetupTypeCache (384ms)
			ReleaseScriptCaches (0ms)
			RebuildScriptCaches (68ms)
			SetupLoadedEditorAssemblies (395ms)
				LogAssemblyErrors (0ms)
				InitializePlatformSupportModulesInManaged (5ms)
				SetLoadedEditorAssemblies (0ms)
				RefreshPlugins (48ms)
				BeforeProcessingInitializeOnLoad (68ms)
				ProcessInitializeOnLoadAttributes (250ms)
				ProcessInitializeOnLoadMethodAttributes (22ms)
				AfterProcessingInitializeOnLoad (1ms)
				EditorAssembliesLoaded (0ms)
			ExecutionOrderSort2 (0ms)
			AwakeInstancesAfterBackupRestoration (7ms)
Platform modules already initialized, skipping
Validating Project structure ... 0.000427 seconds.
Shader import version has changed; will reimport all shaders...
Upgrading shader files ...0.000473 seconds.
Application.AssetDatabase Initial Script Refresh Start
RefreshInfo: InitialScriptRefreshV2(NoUpdateAssetOptions) scanfilter:  ... 1 filters
RefreshProfiler: Total: 0.000ms
Application.AssetDatabase Initial Script Refresh End
Application.AssetDatabase.Refresh Start
Application.AssetDatabase.Refresh End
RefreshInfo: StopAssetImportingV2(ForceSynchronousImport) scanfilter: 
RefreshProfiler: Total: 0.000ms
Launching external process: /Applications/Unity/Hub/Editor/2020.3.32f1/Unity.app/Contents/Tools/UnityShaderCompiler
Launched and connected shader compiler UnityShaderCompiler after 0.01 seconds
Initializing Unity extensions:
========================================================================
Worker process is ready to serve import requests
Refreshing native plugins compatible for Editor in 0.39 ms, found 3 plugins.
Preloading 0 native plugins for Editor in 0.00 ms.
Unloading 2201 Unused Serialized files (Serialized files now loaded: 0)
System memory in use before: 212.1 MB.
System memory in use after: 211.2 MB.

Unloading 104 unused Assets to reduce memory usage. Loaded Objects now: 2671.
Total: 3.848973 ms (FindLiveObjects: 0.155293 ms CreateObjectMapping: 0.073301 ms MarkObjects: 2.826355 ms  DeleteObjects: 0.793210 ms)

AssetImportParameters requested are different than current active one (requested -> active):
  custom:video-decoder-ogg-theora: a1e56fd34408186e4bbccfd4996cb3dc -> 
  custom:container-muxer-webm: aa71ff27fc2769a1b78a27578f13a17b -> 
  custom:container-demuxer-webm: 4f35f7cbe854078d1ac9338744f61a02 -> 
  custom:container-demuxer-ogg: 62fdf1f143b41e24485cea50d1cbac27 -> 
  custom:video-encoder-webm-vp8: eb34c28f22e8b96e1ab97ce403110664 -> 
  custom:framework-osx-AVFoundation: b23960f63f64bdc6ff669e2cdcee2391 -> 
  custom:video-decoder-webm-vp8: 9c59270c3fd7afecdb556c50c9e8de78 -> 
  custom:audio-decoder-ogg-vorbis: bf7c407c2cedff20999df2af8eb42d56 -> 
  custom:audio-encoder-webm-vorbis: bf7c407c2cedff20999df2af8eb42d56 -> 
========================================================================
Received Import Request.
  path: Assets/Sprites/Burbujas 2.png
  artifactKey: Guid(3279d0df5d5724a0cabd702db245fcbd) Importer(815301076,1909f56bfc062723c751e8b465ee728b)
Start importing Assets/Sprites/Burbujas 2.png using Guid(3279d0df5d5724a0cabd702db245fcbd) Importer(815301076,1909f56bfc062723c751e8b465ee728b)  -> (artifact id: '63c7401d0cafbba6e5cd9c1295f3f664') in 0.479143 seconds 
========================================================================
Received Import Request.
  Time since last request: 0.000249 seconds.
  path: Assets/Sprites/Barril.png
  artifactKey: Guid(973d99793340c4fd9af3fa551f70cdff) Importer(815301076,1909f56bfc062723c751e8b465ee728b)
Start importing Assets/Sprites/Barril.png using Guid(973d99793340c4fd9af3fa551f70cdff) Importer(815301076,1909f56bfc062723c751e8b465ee728b)  -> (artifact id: '84ecb9caca2fc4bf4f73d88d70122520') in 0.022510 seconds 
========================================================================
Received Import Request.
  Time since last request: 0.000189 seconds.
  path: Assets/Sprites/Burbujas 4.png
  artifactKey: Guid(6184e3d81382d4adc9484ba01027fe91) Importer(815301076,1909f56bfc062723c751e8b465ee728b)
Start importing Assets/Sprites/Burbujas 4.png using Guid(6184e3d81382d4adc9484ba01027fe91) Importer(815301076,1909f56bfc062723c751e8b465ee728b)  -> (artifact id: '1cc8248422dc1f4fe966a466a2ccef61') in 0.017209 seconds 
========================================================================
Received Import Request.
  Time since last request: 0.000194 seconds.
  path: Assets/Sprites/Alga 3.png
  artifactKey: Guid(768a0e9e772804e8b8ab50c7ce5f4dce) Importer(815301076,1909f56bfc062723c751e8b465ee728b)
Start importing Assets/Sprites/Alga 3.png using Guid(768a0e9e772804e8b8ab50c7ce5f4dce) Importer(815301076,1909f56bfc062723c751e8b465ee728b)  -> (artifact id: 'ea7524b694c4235b187abadcee4f26d3') in 0.017322 seconds 
========================================================================
Received Import Request.
  Time since last request: 0.000197 seconds.
  path: Assets/Sprites/Burbujas 1.png
  artifactKey: Guid(4e617c1267b46483a97618bf0fb8d406) Importer(815301076,1909f56bfc062723c751e8b465ee728b)
Start importing Assets/Sprites/Burbujas 1.png using Guid(4e617c1267b46483a97618bf0fb8d406) Importer(815301076,1909f56bfc062723c751e8b465ee728b)  -> (artifact id: 'ccaae3053a89e970000787889ec6e1c9') in 0.017824 seconds 
========================================================================
Received Import Request.
  Time since last request: 0.000199 seconds.
  path: Assets/Sprites/Alga 1.png
  artifactKey: Guid(ee563fe2a39444f95be211ab794ca38e) Importer(815301076,1909f56bfc062723c751e8b465ee728b)
Start importing Assets/Sprites/Alga 1.png using Guid(ee563fe2a39444f95be211ab794ca38e) Importer(815301076,1909f56bfc062723c751e8b465ee728b)  -> (artifact id: 'd795eea31ee7eacf7c0fd1925ee15cdb') in 0.021694 seconds 
========================================================================
Received Import Request.
  Time since last request: 0.000238 seconds.
  path: Assets/Sprites/Alga 2.png
  artifactKey: Guid(b1563beabff674d3697e98612f690563) Importer(815301076,1909f56bfc062723c751e8b465ee728b)
Start importing Assets/Sprites/Alga 2.png using Guid(b1563beabff674d3697e98612f690563) Importer(815301076,1909f56bfc062723c751e8b465ee728b)  -> (artifact id: 'bd10cc0aa1cc7b900e0e3fa69272aac3') in 0.021855 seconds 
========================================================================
Received Import Request.
  Time since last request: 0.000228 seconds.
  path: Assets/Sprites/Roca 1.png
  artifactKey: Guid(0533568bd7d1a4d48bb138bbd0b5be98) Importer(815301076,1909f56bfc062723c751e8b465ee728b)
Start importing Assets/Sprites/Roca 1.png using Guid(0533568bd7d1a4d48bb138bbd0b5be98) Importer(815301076,1909f56bfc062723c751e8b465ee728b)  -> (artifact id: 'c4a2dfdf686a5b23fa61baedf7292b57') in 0.020711 seconds 
========================================================================
Received Import Request.
  Time since last request: 0.000278 seconds.
  path: Assets/Sprites/Roca 2.png
  artifactKey: Guid(2d38a73d782dd4d10b41b803747be425) Importer(815301076,1909f56bfc062723c751e8b465ee728b)
Start importing Assets/Sprites/Roca 2.png using Guid(2d38a73d782dd4d10b41b803747be425) Importer(815301076,1909f56bfc062723c751e8b465ee728b)  -> (artifact id: 'ab91657ded641c7459de5d75df111138') in 0.021829 seconds 
========================================================================
Received Import Request.
  Time since last request: 0.000216 seconds.
  path: Assets/Sprites/Burbujas 3.png
  artifactKey: Guid(db05dead0e3674d1b8e55cccad249e6e) Importer(815301076,1909f56bfc062723c751e8b465ee728b)
Start importing Assets/Sprites/Burbujas 3.png using Guid(db05dead0e3674d1b8e55cccad249e6e) Importer(815301076,1909f56bfc062723c751e8b465ee728b)  -> (artifact id: '1e3ea4a843185f8a7c1bb6f2595ff14d') in 0.019115 seconds 
