Unity Editor version:    2020.3.32f1 (12f8b0834f07)
Branch:                  2020.3/staging
Build type:              Release
Batch mode:              YES
macOS version:           Version 10.15.7 (Build 19H2)
Darwin version:          19.6.0
Architecture:            x86_64
Running under Rosetta:   NO
Available memory:        8192 MB
Using pre-set license
Pro License: NO

COMMAND LINE ARGUMENTS:
/Applications/Unity/Hub/Editor/2020.3.32f1/Unity.app/Contents/MacOS/Unity
-adb2
-batchMode
-noUpm
-name
AssetImportWorker0
-projectPath
/Users/jordi/Documents/UOC/TFG/TFG/Dolp Run
-logFile
Logs/AssetImportWorker0.log
-srvPort
49583
Successfully changed project path to: /Users/jordi/Documents/UOC/TFG/TFG/Dolp Run
/Users/jordi/Documents/UOC/TFG/TFG/Dolp Run
Using Asset Import Pipeline V2.
Refreshing native plugins compatible for Editor in 56.31 ms, found 3 plugins.
Preloading 0 native plugins for Editor in 0.00 ms.
Initialize engine version: 2020.3.32f1 (12f8b0834f07)
[Subsystems] Discovering subsystems at path /Applications/Unity/Hub/Editor/2020.3.32f1/Unity.app/Contents/Resources/UnitySubsystems
[Subsystems] Discovering subsystems at path /Users/jordi/Documents/UOC/TFG/TFG/Dolp Run/Assets
GfxDevice: creating device client; threaded=0
2022-11-14 01:08:46.824 Unity[16850:7476951] Color LCD preferred device: Intel(R) Iris(TM) Plus Graphics 655 (low power)
2022-11-14 01:08:46.825 Unity[16850:7476951] Metal devices available: 1
2022-11-14 01:08:46.825 Unity[16850:7476951] 0: Intel(R) Iris(TM) Plus Graphics 655 (low power)
2022-11-14 01:08:46.825 Unity[16850:7476951] Using device Intel(R) Iris(TM) Plus Graphics 655 (low power)
Initializing Metal device caps: Intel(R) Iris(TM) Plus Graphics 655
Initialize mono
Mono path[0] = '/Applications/Unity/Hub/Editor/2020.3.32f1/Unity.app/Contents/Managed'
Mono path[1] = '/Applications/Unity/Hub/Editor/2020.3.32f1/Unity.app/Contents/MonoBleedingEdge/lib/mono/unityjit'
Mono config path = '/Applications/Unity/Hub/Editor/2020.3.32f1/Unity.app/Contents/MonoBleedingEdge/etc'
Using monoOptions --debugger-agent=transport=dt_socket,embedding=1,server=y,suspend=n,address=127.0.0.1:56850
Begin MonoManager ReloadAssembly
Registering precompiled unity dll's ...
Register platform support module: /Applications/Unity/Hub/Editor/2020.3.32f1/PlaybackEngines/WebGLSupport/UnityEditor.WebGL.Extensions.dll
Register platform support module: /Applications/Unity/Hub/Editor/2020.3.32f1/Unity.app/Contents/PlaybackEngines/MacStandaloneSupport/UnityEditor.OSXStandalone.Extensions.dll
Registered in 0.003722 seconds.
Native extension for OSXStandalone target not found
Native extension for WebGL target not found
Refreshing native plugins compatible for Editor in 47.01 ms, found 3 plugins.
Preloading 0 native plugins for Editor in 0.00 ms.
Mono: successfully reloaded assembly
- Completed reload, in  0.787 seconds
Domain Reload Profiling:
	ReloadAssembly (787ms)
		BeginReloadAssembly (118ms)
			ExecutionOrderSort (0ms)
			DisableScriptedObjects (0ms)
			BackupInstance (0ms)
			ReleaseScriptingObjects (0ms)
			CreateAndSetChildDomain (1ms)
		EndReloadAssembly (575ms)
			LoadAssemblies (120ms)
			RebuildTransferFunctionScriptingTraits (0ms)
			SetupTypeCache (213ms)
			ReleaseScriptCaches (0ms)
			RebuildScriptCaches (45ms)
			SetupLoadedEditorAssemblies (215ms)
				LogAssemblyErrors (0ms)
				InitializePlatformSupportModulesInManaged (6ms)
				SetLoadedEditorAssemblies (0ms)
				RefreshPlugins (47ms)
				BeforeProcessingInitializeOnLoad (9ms)
				ProcessInitializeOnLoadAttributes (120ms)
				ProcessInitializeOnLoadMethodAttributes (34ms)
				AfterProcessingInitializeOnLoad (0ms)
				EditorAssembliesLoaded (0ms)
			ExecutionOrderSort2 (0ms)
			AwakeInstancesAfterBackupRestoration (0ms)
Platform modules already initialized, skipping
Registering precompiled user dll's ...
Registered in 0.005243 seconds.
Begin MonoManager ReloadAssembly
Native extension for OSXStandalone target not found
Native extension for WebGL target not found
Refreshing native plugins compatible for Editor in 43.16 ms, found 3 plugins.
Preloading 0 native plugins for Editor in 0.00 ms.
Mono: successfully reloaded assembly
- Completed reload, in  1.325 seconds
Domain Reload Profiling:
	ReloadAssembly (1327ms)
		BeginReloadAssembly (168ms)
			ExecutionOrderSort (0ms)
			DisableScriptedObjects (5ms)
			BackupInstance (0ms)
			ReleaseScriptingObjects (0ms)
			CreateAndSetChildDomain (34ms)
		EndReloadAssembly (1092ms)
			LoadAssemblies (141ms)
			RebuildTransferFunctionScriptingTraits (0ms)
			SetupTypeCache (365ms)
			ReleaseScriptCaches (1ms)
			RebuildScriptCaches (69ms)
			SetupLoadedEditorAssemblies (380ms)
				LogAssemblyErrors (0ms)
				InitializePlatformSupportModulesInManaged (5ms)
				SetLoadedEditorAssemblies (0ms)
				RefreshPlugins (43ms)
				BeforeProcessingInitializeOnLoad (65ms)
				ProcessInitializeOnLoadAttributes (243ms)
				ProcessInitializeOnLoadMethodAttributes (23ms)
				AfterProcessingInitializeOnLoad (1ms)
				EditorAssembliesLoaded (0ms)
			ExecutionOrderSort2 (0ms)
			AwakeInstancesAfterBackupRestoration (7ms)
Platform modules already initialized, skipping
Validating Project structure ... 0.000314 seconds.
Shader import version has changed; will reimport all shaders...
Upgrading shader files ...0.000280 seconds.
Application.AssetDatabase Initial Script Refresh Start
RefreshInfo: InitialScriptRefreshV2(NoUpdateAssetOptions) scanfilter:  ... 1 filters
RefreshProfiler: Total: 0.000ms
Application.AssetDatabase Initial Script Refresh End
Application.AssetDatabase.Refresh Start
Application.AssetDatabase.Refresh End
RefreshInfo: StopAssetImportingV2(ForceSynchronousImport) scanfilter: 
RefreshProfiler: Total: 0.000ms
Launching external process: /Applications/Unity/Hub/Editor/2020.3.32f1/Unity.app/Contents/Tools/UnityShaderCompiler
Launched and connected shader compiler UnityShaderCompiler after 0.02 seconds
Initializing Unity extensions:
========================================================================
Worker process is ready to serve import requests
Refreshing native plugins compatible for Editor in 0.39 ms, found 3 plugins.
Preloading 0 native plugins for Editor in 0.00 ms.
Unloading 2201 Unused Serialized files (Serialized files now loaded: 0)
System memory in use before: 212.1 MB.
System memory in use after: 211.2 MB.

Unloading 104 unused Assets to reduce memory usage. Loaded Objects now: 2671.
Total: 3.571317 ms (FindLiveObjects: 0.158790 ms CreateObjectMapping: 0.090438 ms MarkObjects: 2.738736 ms  DeleteObjects: 0.582598 ms)

AssetImportParameters requested are different than current active one (requested -> active):
  custom:video-decoder-ogg-theora: a1e56fd34408186e4bbccfd4996cb3dc -> 
  custom:container-muxer-webm: aa71ff27fc2769a1b78a27578f13a17b -> 
  custom:container-demuxer-webm: 4f35f7cbe854078d1ac9338744f61a02 -> 
  custom:container-demuxer-ogg: 62fdf1f143b41e24485cea50d1cbac27 -> 
  custom:video-encoder-webm-vp8: eb34c28f22e8b96e1ab97ce403110664 -> 
  custom:framework-osx-AVFoundation: b23960f63f64bdc6ff669e2cdcee2391 -> 
  custom:video-decoder-webm-vp8: 9c59270c3fd7afecdb556c50c9e8de78 -> 
  custom:audio-decoder-ogg-vorbis: bf7c407c2cedff20999df2af8eb42d56 -> 
  custom:audio-encoder-webm-vorbis: bf7c407c2cedff20999df2af8eb42d56 -> 
========================================================================
Received Import Request.
  path: Assets/Sprites/Enemy idle.png
  artifactKey: Guid(4e3c99d72ea8f4582aa68cea4261cc54) Importer(815301076,1909f56bfc062723c751e8b465ee728b)
Start importing Assets/Sprites/Enemy idle.png using Guid(4e3c99d72ea8f4582aa68cea4261cc54) Importer(815301076,1909f56bfc062723c751e8b465ee728b)  -> (artifact id: 'beb28444e66648f4d55563330076f033') in 0.504952 seconds 
========================================================================
Received Import Request.
  Time since last request: 0.000590 seconds.
  path: Assets/Sprites/Base dolp idle.png
  artifactKey: Guid(8223646a4258242e8b78c28b3e6cc05d) Importer(815301076,1909f56bfc062723c751e8b465ee728b)
Start importing Assets/Sprites/Base dolp idle.png using Guid(8223646a4258242e8b78c28b3e6cc05d) Importer(815301076,1909f56bfc062723c751e8b465ee728b)  -> (artifact id: '3c1e1db3313d6509497ce84957342e20') in 0.028240 seconds 
========================================================================
Received Import Request.
  Time since last request: 0.000285 seconds.
  path: Assets/Sprites
  artifactKey: Guid(17a0fd38ee0394a4e8dde79f06922f76) Importer(815301076,1909f56bfc062723c751e8b465ee728b)
Start importing Assets/Sprites using Guid(17a0fd38ee0394a4e8dde79f06922f76) Importer(815301076,1909f56bfc062723c751e8b465ee728b)  -> (artifact id: 'be2934bf7e374e066baed4c684a9e9d0') in 0.002390 seconds 
========================================================================
Received Import Request.
  Time since last request: 0.000266 seconds.
  path: Assets/Sprites/Goku dolp idle.png
  artifactKey: Guid(11a1df032e3424e49ae58905fb3ba157) Importer(815301076,1909f56bfc062723c751e8b465ee728b)
Start importing Assets/Sprites/Goku dolp idle.png using Guid(11a1df032e3424e49ae58905fb3ba157) Importer(815301076,1909f56bfc062723c751e8b465ee728b)  -> (artifact id: '62b84e4c8abdae1c68fcdafd282f24a7') in 0.028544 seconds 
========================================================================
Received Import Request.
  Time since last request: 16.822383 seconds.
  path: Assets/Sprites/Base dolp idle.png
  artifactKey: Guid(8223646a4258242e8b78c28b3e6cc05d) Importer(815301076,1909f56bfc062723c751e8b465ee728b)
Start importing Assets/Sprites/Base dolp idle.png using Guid(8223646a4258242e8b78c28b3e6cc05d) Importer(815301076,1909f56bfc062723c751e8b465ee728b)  -> (artifact id: 'c7204e78c8ab1c4c1c63737cfcd2b278') in 0.018432 seconds 
========================================================================
Received Import Request.
  Time since last request: 17.559263 seconds.
  path: Assets/Sprites/Base dolp idle.png
  artifactKey: Guid(8223646a4258242e8b78c28b3e6cc05d) Importer(815301076,1909f56bfc062723c751e8b465ee728b)
Start importing Assets/Sprites/Base dolp idle.png using Guid(8223646a4258242e8b78c28b3e6cc05d) Importer(815301076,1909f56bfc062723c751e8b465ee728b)  -> (artifact id: 'b966dfe1ed06d0b77987a1885232bc52') in 0.111064 seconds 
========================================================================
Received Import Request.
  Time since last request: 38.343673 seconds.
  path: Assets/Sprites/Base dolp idle.png
  artifactKey: Guid(8223646a4258242e8b78c28b3e6cc05d) Importer(815301076,1909f56bfc062723c751e8b465ee728b)
Start importing Assets/Sprites/Base dolp idle.png using Guid(8223646a4258242e8b78c28b3e6cc05d) Importer(815301076,1909f56bfc062723c751e8b465ee728b)  -> (artifact id: '8f41121e44fb7f395b917c91e8116794') in 0.124338 seconds 
========================================================================
Received Import Request.
  Time since last request: 69.754143 seconds.
  path: Assets/Animations/Base dolp animation.anim
  artifactKey: Guid(477af1c95b1244b25980acec291b25c2) Importer(815301076,1909f56bfc062723c751e8b465ee728b)
Start importing Assets/Animations/Base dolp animation.anim using Guid(477af1c95b1244b25980acec291b25c2) Importer(815301076,1909f56bfc062723c751e8b465ee728b)  -> (artifact id: 'b9764d3168c3a7e6b499ffd9e6e68f3a') in 0.468215 seconds 
========================================================================
Received Prepare
Registering precompiled user dll's ...
Registered in 0.005445 seconds.
Begin MonoManager ReloadAssembly
Native extension for OSXStandalone target not found
Native extension for WebGL target not found
Refreshing native plugins compatible for Editor in 0.64 ms, found 3 plugins.
Preloading 0 native plugins for Editor in 0.00 ms.
Mono: successfully reloaded assembly
- Completed reload, in  1.447 seconds
Domain Reload Profiling:
	ReloadAssembly (1448ms)
		BeginReloadAssembly (267ms)
			ExecutionOrderSort (0ms)
			DisableScriptedObjects (10ms)
			BackupInstance (0ms)
			ReleaseScriptingObjects (0ms)
			CreateAndSetChildDomain (105ms)
		EndReloadAssembly (1109ms)
			LoadAssemblies (217ms)
			RebuildTransferFunctionScriptingTraits (1ms)
			SetupTypeCache (382ms)
			ReleaseScriptCaches (1ms)
			RebuildScriptCaches (64ms)
			SetupLoadedEditorAssemblies (381ms)
				LogAssemblyErrors (0ms)
				InitializePlatformSupportModulesInManaged (6ms)
				SetLoadedEditorAssemblies (1ms)
				RefreshPlugins (1ms)
				BeforeProcessingInitializeOnLoad (108ms)
				ProcessInitializeOnLoadAttributes (241ms)
				ProcessInitializeOnLoadMethodAttributes (23ms)
				AfterProcessingInitializeOnLoad (2ms)
				EditorAssembliesLoaded (0ms)
			ExecutionOrderSort2 (0ms)
			AwakeInstancesAfterBackupRestoration (11ms)
Platform modules already initialized, skipping
Refreshing native plugins compatible for Editor in 0.49 ms, found 3 plugins.
Preloading 0 native plugins for Editor in 0.00 ms.
Unloading 2195 Unused Serialized files (Serialized files now loaded: 0)
System memory in use before: 220.5 MB.
System memory in use after: 220.5 MB.

Unloading 21 unused Assets to reduce memory usage. Loaded Objects now: 2694.
Total: 3.847618 ms (FindLiveObjects: 0.245559 ms CreateObjectMapping: 0.089356 ms MarkObjects: 3.340325 ms  DeleteObjects: 0.171298 ms)

AssetImportParameters requested are different than current active one (requested -> active):
  custom:video-decoder-ogg-theora: a1e56fd34408186e4bbccfd4996cb3dc -> 
  custom:container-muxer-webm: aa71ff27fc2769a1b78a27578f13a17b -> 
  custom:container-demuxer-webm: 4f35f7cbe854078d1ac9338744f61a02 -> 
  custom:container-demuxer-ogg: 62fdf1f143b41e24485cea50d1cbac27 -> 
  custom:video-encoder-webm-vp8: eb34c28f22e8b96e1ab97ce403110664 -> 
  custom:framework-osx-AVFoundation: b23960f63f64bdc6ff669e2cdcee2391 -> 
  custom:video-decoder-webm-vp8: 9c59270c3fd7afecdb556c50c9e8de78 -> 
  custom:audio-decoder-ogg-vorbis: bf7c407c2cedff20999df2af8eb42d56 -> 
  custom:audio-encoder-webm-vorbis: bf7c407c2cedff20999df2af8eb42d56 -> 
========================================================================
Received Import Request.
  Time since last request: 333.892528 seconds.
  path: Assets/Sprites/Goku dolp idle.png
  artifactKey: Guid(11a1df032e3424e49ae58905fb3ba157) Importer(815301076,1909f56bfc062723c751e8b465ee728b)
Start importing Assets/Sprites/Goku dolp idle.png using Guid(11a1df032e3424e49ae58905fb3ba157) Importer(815301076,1909f56bfc062723c751e8b465ee728b)  -> (artifact id: '2354e498851c3a65e6114015217928b8') in 0.048369 seconds 
========================================================================
Received Import Request.
  Time since last request: 20.044419 seconds.
  path: Assets/Sprites/Goku dolp idle.png
  artifactKey: Guid(11a1df032e3424e49ae58905fb3ba157) Importer(815301076,1909f56bfc062723c751e8b465ee728b)
Start importing Assets/Sprites/Goku dolp idle.png using Guid(11a1df032e3424e49ae58905fb3ba157) Importer(815301076,1909f56bfc062723c751e8b465ee728b)  -> (artifact id: '6ac1bcf0e9c0d24eafff4bb1024600d9') in 0.108794 seconds 
========================================================================
Received Import Request.
  Time since last request: 86.921755 seconds.
  path: Assets/Sprites/Goku dolp idle.png
  artifactKey: Guid(11a1df032e3424e49ae58905fb3ba157) Importer(815301076,1909f56bfc062723c751e8b465ee728b)
Start importing Assets/Sprites/Goku dolp idle.png using Guid(11a1df032e3424e49ae58905fb3ba157) Importer(815301076,1909f56bfc062723c751e8b465ee728b)  -> (artifact id: '090f2c16268b0c0bc9128e93f9aa3266') in 0.113898 seconds 
========================================================================
Received Prepare
Registering precompiled user dll's ...
Registered in 0.005500 seconds.
Begin MonoManager ReloadAssembly
Native extension for OSXStandalone target not found
Native extension for WebGL target not found
Refreshing native plugins compatible for Editor in 0.61 ms, found 3 plugins.
Preloading 0 native plugins for Editor in 0.00 ms.
Mono: successfully reloaded assembly
- Completed reload, in  1.383 seconds
Domain Reload Profiling:
	ReloadAssembly (1384ms)
		BeginReloadAssembly (239ms)
			ExecutionOrderSort (0ms)
			DisableScriptedObjects (6ms)
			BackupInstance (0ms)
			ReleaseScriptingObjects (0ms)
			CreateAndSetChildDomain (76ms)
		EndReloadAssembly (1074ms)
			LoadAssemblies (218ms)
			RebuildTransferFunctionScriptingTraits (0ms)
			SetupTypeCache (380ms)
			ReleaseScriptCaches (1ms)
			RebuildScriptCaches (58ms)
			SetupLoadedEditorAssemblies (378ms)
				LogAssemblyErrors (0ms)
				InitializePlatformSupportModulesInManaged (6ms)
				SetLoadedEditorAssemblies (1ms)
				RefreshPlugins (1ms)
				BeforeProcessingInitializeOnLoad (110ms)
				ProcessInitializeOnLoadAttributes (242ms)
				ProcessInitializeOnLoadMethodAttributes (17ms)
				AfterProcessingInitializeOnLoad (1ms)
				EditorAssembliesLoaded (0ms)
			ExecutionOrderSort2 (0ms)
			AwakeInstancesAfterBackupRestoration (10ms)
Platform modules already initialized, skipping
Refreshing native plugins compatible for Editor in 0.59 ms, found 3 plugins.
Preloading 0 native plugins for Editor in 0.00 ms.
Unloading 2195 Unused Serialized files (Serialized files now loaded: 0)
System memory in use before: 221.0 MB.
System memory in use after: 221.0 MB.

Unloading 20 unused Assets to reduce memory usage. Loaded Objects now: 2718.
Total: 3.887256 ms (FindLiveObjects: 0.248209 ms CreateObjectMapping: 0.115008 ms MarkObjects: 3.375257 ms  DeleteObjects: 0.147747 ms)

AssetImportParameters requested are different than current active one (requested -> active):
  custom:video-decoder-ogg-theora: a1e56fd34408186e4bbccfd4996cb3dc -> 
  custom:container-muxer-webm: aa71ff27fc2769a1b78a27578f13a17b -> 
  custom:container-demuxer-webm: 4f35f7cbe854078d1ac9338744f61a02 -> 
  custom:container-demuxer-ogg: 62fdf1f143b41e24485cea50d1cbac27 -> 
  custom:video-encoder-webm-vp8: eb34c28f22e8b96e1ab97ce403110664 -> 
  custom:framework-osx-AVFoundation: b23960f63f64bdc6ff669e2cdcee2391 -> 
  custom:video-decoder-webm-vp8: 9c59270c3fd7afecdb556c50c9e8de78 -> 
  custom:audio-decoder-ogg-vorbis: bf7c407c2cedff20999df2af8eb42d56 -> 
  custom:audio-encoder-webm-vorbis: bf7c407c2cedff20999df2af8eb42d56 -> 
========================================================================
Received Import Request.
  Time since last request: 72.839342 seconds.
  path: Assets/Sprites/Enemy idle.png
  artifactKey: Guid(4e3c99d72ea8f4582aa68cea4261cc54) Importer(815301076,1909f56bfc062723c751e8b465ee728b)
Start importing Assets/Sprites/Enemy idle.png using Guid(4e3c99d72ea8f4582aa68cea4261cc54) Importer(815301076,1909f56bfc062723c751e8b465ee728b)  -> (artifact id: 'd3ed65237d5c7e79f87885440be58f85') in 0.045911 seconds 
========================================================================
Received Import Request.
  Time since last request: 46.181032 seconds.
  path: Assets/Sprites/Enemy idle.png
  artifactKey: Guid(4e3c99d72ea8f4582aa68cea4261cc54) Importer(815301076,1909f56bfc062723c751e8b465ee728b)
Start importing Assets/Sprites/Enemy idle.png using Guid(4e3c99d72ea8f4582aa68cea4261cc54) Importer(815301076,1909f56bfc062723c751e8b465ee728b)  -> (artifact id: 'cb679a9988173e6de76eb4a237789d87') in 0.121815 seconds 
========================================================================
Received Import Request.
  Time since last request: 12.643263 seconds.
  path: Assets/Sprites/Enemy idle.png
  artifactKey: Guid(4e3c99d72ea8f4582aa68cea4261cc54) Importer(815301076,1909f56bfc062723c751e8b465ee728b)
Start importing Assets/Sprites/Enemy idle.png using Guid(4e3c99d72ea8f4582aa68cea4261cc54) Importer(815301076,1909f56bfc062723c751e8b465ee728b)  -> (artifact id: 'a857ab2bb6aa0f0ba8f8424a289ca703') in 0.135715 seconds 
========================================================================
Received Import Request.
  Time since last request: 168.343282 seconds.
  path: Assets/Animations/Goku dolp idle_0.controller
  artifactKey: Guid(80194981b2fdd461a9cfdd32c21e2b2b) Importer(815301076,1909f56bfc062723c751e8b465ee728b)
Start importing Assets/Animations/Goku dolp idle_0.controller using Guid(80194981b2fdd461a9cfdd32c21e2b2b) Importer(815301076,1909f56bfc062723c751e8b465ee728b)  -> (artifact id: '05265ddd185ef096deb07259ec749780') in 0.274238 seconds 
========================================================================
Received Import Request.
  Time since last request: 3.076536 seconds.
  path: Assets/Animations/Goku dolp animation.anim
  artifactKey: Guid(04e7935aecef9449c9ce9f7b985df8c5) Importer(815301076,1909f56bfc062723c751e8b465ee728b)
Start importing Assets/Animations/Goku dolp animation.anim using Guid(04e7935aecef9449c9ce9f7b985df8c5) Importer(815301076,1909f56bfc062723c751e8b465ee728b)  -> (artifact id: '2a63021cb833ba05b02761ab8a3b806d') in 0.008486 seconds 
========================================================================
Received Prepare
Registering precompiled user dll's ...
Registered in 0.004837 seconds.
Begin MonoManager ReloadAssembly
Native extension for OSXStandalone target not found
Native extension for WebGL target not found
Refreshing native plugins compatible for Editor in 1.38 ms, found 3 plugins.
Preloading 0 native plugins for Editor in 0.00 ms.
Mono: successfully reloaded assembly
- Completed reload, in  1.407 seconds
Domain Reload Profiling:
	ReloadAssembly (1407ms)
		BeginReloadAssembly (242ms)
			ExecutionOrderSort (0ms)
			DisableScriptedObjects (7ms)
			BackupInstance (0ms)
			ReleaseScriptingObjects (0ms)
			CreateAndSetChildDomain (83ms)
		EndReloadAssembly (1095ms)
			LoadAssemblies (212ms)
			RebuildTransferFunctionScriptingTraits (0ms)
			SetupTypeCache (375ms)
			ReleaseScriptCaches (1ms)
			RebuildScriptCaches (62ms)
			SetupLoadedEditorAssemblies (373ms)
				LogAssemblyErrors (0ms)
				InitializePlatformSupportModulesInManaged (6ms)
				SetLoadedEditorAssemblies (2ms)
				RefreshPlugins (1ms)
				BeforeProcessingInitializeOnLoad (109ms)
				ProcessInitializeOnLoadAttributes (231ms)
				ProcessInitializeOnLoadMethodAttributes (22ms)
				AfterProcessingInitializeOnLoad (2ms)
				EditorAssembliesLoaded (0ms)
			ExecutionOrderSort2 (0ms)
			AwakeInstancesAfterBackupRestoration (18ms)
Platform modules already initialized, skipping
Refreshing native plugins compatible for Editor in 0.49 ms, found 3 plugins.
Preloading 0 native plugins for Editor in 0.00 ms.
Unloading 2195 Unused Serialized files (Serialized files now loaded: 0)
System memory in use before: 225.6 MB.
System memory in use after: 225.6 MB.

Unloading 20 unused Assets to reduce memory usage. Loaded Objects now: 2746.
Total: 3.534974 ms (FindLiveObjects: 0.185105 ms CreateObjectMapping: 0.082893 ms MarkObjects: 3.042234 ms  DeleteObjects: 0.223757 ms)

AssetImportParameters requested are different than current active one (requested -> active):
  custom:video-decoder-ogg-theora: a1e56fd34408186e4bbccfd4996cb3dc -> 
  custom:container-muxer-webm: aa71ff27fc2769a1b78a27578f13a17b -> 
  custom:container-demuxer-webm: 4f35f7cbe854078d1ac9338744f61a02 -> 
  custom:container-demuxer-ogg: 62fdf1f143b41e24485cea50d1cbac27 -> 
  custom:video-encoder-webm-vp8: eb34c28f22e8b96e1ab97ce403110664 -> 
  custom:framework-osx-AVFoundation: b23960f63f64bdc6ff669e2cdcee2391 -> 
  custom:video-decoder-webm-vp8: 9c59270c3fd7afecdb556c50c9e8de78 -> 
  custom:audio-decoder-ogg-vorbis: bf7c407c2cedff20999df2af8eb42d56 -> 
  custom:audio-encoder-webm-vorbis: bf7c407c2cedff20999df2af8eb42d56 -> 
========================================================================
Received Import Request.
  Time since last request: 121.991684 seconds.
  path: Assets/Animations/Goku dolp idle_0.controller
  artifactKey: Guid(80194981b2fdd461a9cfdd32c21e2b2b) Importer(815301076,1909f56bfc062723c751e8b465ee728b)
Start importing Assets/Animations/Goku dolp idle_0.controller using Guid(80194981b2fdd461a9cfdd32c21e2b2b) Importer(815301076,1909f56bfc062723c751e8b465ee728b)  -> (artifact id: '10e0caa899ad53c7901fa7e5c971321a') in 0.012864 seconds 
